16:15:34 **** Rebuild of configuration Debug for project as2.4_ex1 ****
Info: Internal Builder is used for build
gcc -O0 -g3 -Wall -c -fmessage-length=0 -o "src\\as2.4_ex1.o" "..\\src\\as2.4_ex1.c" 
gcc -o as2.4_ex1.exe "src\\as2.4_ex1.o" 
Info: Nothing to build for as2.4_ex1
Info: Nothing to build for as2.4_ex1
Info: Nothing to build for as2.4_ex1
Info: Nothing to build for as2.4_ex1
16:18:11 **** Incremental Build of configuration Debug for project as2.4_ex1 ****
Info: Internal Builder is used for build
gcc -O0 -g3 -Wall -c -fmessage-length=0 -o "src\\as2.4_ex1.o" "..\\src\\as2.4_ex1.c" 
gcc -o as2.4_ex1.exe "src\\as2.4_ex1.o" 
c:/mingw/bin/../lib/gcc/mingw32/6.3.0/../../../../mingw32/bin/ld.exe: cannot open output file as2.4_ex1.exe: Permission denied
collect2.exe: error: ld returned 1 exit status
16:18:26 **** Incremental Build of configuration Debug for project as2.4_ex1 ****
Info: Internal Builder is used for build
gcc -o as2.4_ex1.exe "src\\as2.4_ex1.o" 
Info: Nothing to build for as2.4_ex1
16:19:31 **** Incremental Build of configuration Debug for project as2.4_ex1 ****
Info: Internal Builder is used for build
gcc -O0 -g3 -Wall -c -fmessage-length=0 -o "src\\as2.4_ex1.o" "..\\src\\as2.4_ex1.c" 
gcc -o as2.4_ex1.exe "src\\as2.4_ex1.o" 
Info: Nothing to build for as2.4_ex1
16:20:15 **** Incremental Build of configuration Debug for project as2.4_ex1 ****
Info: Internal Builder is used for build
gcc -O0 -g3 -Wall -c -fmessage-length=0 -o "src\\as2.4_ex1.o" "..\\src\\as2.4_ex1.c" 
gcc -o as2.4_ex1.exe "src\\as2.4_ex1.o" 
Info: Nothing to build for as2.4_ex1
16:37:44 **** Rebuild of configuration Debug for project as2.4_ex2 ****
Info: Internal Builder is used for build
gcc -O0 -g3 -Wall -c -fmessage-length=0 -o "src\\as2.4_ex2.o" "..\\src\\as2.4_ex2.c" 
..\src\as2.4_ex2.c: In function 'main':
..\src\as2.4_ex2.c:18:10: warning: format '%d' expects argument of type 'int *', but argument 2 has type 'int' [-Wformat=]
  scanf("%d",data);
          ^
..\src\as2.4_ex2.c:28:11: warning: format '%f' expects argument of type 'float *', but argument 2 has type 'double' [-Wformat=]
   scanf("%f",array[i]);
           ^
..\src\as2.4_ex2.c:18:2: warning: 'data' is used uninitialized in this function [-Wuninitialized]
  scanf("%d",data);
  ^~~~~~~~~~~~~~~~
gcc -o as2.4_ex2.exe "src\\as2.4_ex2.o" 
Info: Nothing to build for as2.4_ex2
Info: Nothing to build for as2.4_ex2
Info: Nothing to build for as2.4_ex2
Info: Nothing to build for as2.4_ex2
Info: Nothing to build for as2.4_ex2
Info: Nothing to build for as2.4_ex2
Info: Nothing to build for as2.4_ex2
16:42:46 **** Incremental Build of configuration Debug for project as2.4_ex2 ****
Info: Internal Builder is used for build
gcc -O0 -g3 -Wall -c -fmessage-length=0 -o "src\\as2.4_ex2.o" "..\\src\\as2.4_ex2.c" 
..\src\as2.4_ex2.c: In function 'main':
..\src\as2.4_ex2.c:18:10: warning: format '%d' expects argument of type 'int *', but argument 2 has type 'int' [-Wformat=]
  scanf("%d",data);
          ^
..\src\as2.4_ex2.c:28:11: warning: format '%f' expects argument of type 'float *', but argument 2 has type 'double' [-Wformat=]
   scanf("%f",array[i]);
           ^
..\src\as2.4_ex2.c:18:2: warning: 'data' is used uninitialized in this function [-Wuninitialized]
  scanf("%d",data);
  ^~~~~~~~~~~~~~~~
gcc -o as2.4_ex2.exe "src\\as2.4_ex2.o" 
c:/mingw/bin/../lib/gcc/mingw32/6.3.0/../../../../mingw32/bin/ld.exe: cannot open output file as2.4_ex2.exe: Permission denied
collect2.exe: error: ld returned 1 exit status
16:42:50 **** Incremental Build of configuration Debug for project as2.4_ex2 ****
Info: Internal Builder is used for build
gcc -o as2.4_ex2.exe "src\\as2.4_ex2.o" 
c:/mingw/bin/../lib/gcc/mingw32/6.3.0/../../../../mingw32/bin/ld.exe: cannot open output file as2.4_ex2.exe: Permission denied
collect2.exe: error: ld returned 1 exit status
16:43:03 **** Incremental Build of configuration Debug for project as2.4_ex2 ****
Info: Internal Builder is used for build
gcc -o as2.4_ex2.exe "src\\as2.4_ex2.o" 
Info: Nothing to build for as2.4_ex2
17:23:29 **** Incremental Build of configuration Debug for project as2.4_ex2 ****
Info: Internal Builder is used for build
gcc -O0 -g3 -Wall -c -fmessage-length=0 -o "src\\as2.4_ex2.o" "..\\src\\as2.4_ex2.c" 
..\src\as2.4_ex2.c: In function 'main':
..\src\as2.4_ex2.c:28:11: warning: format '%f' expects argument of type 'float *', but argument 2 has type 'double' [-Wformat=]
   scanf("%f",array[i]);
           ^
gcc -o as2.4_ex2.exe "src\\as2.4_ex2.o" 
Info: Nothing to build for as2.4_ex2
17:24:44 **** Incremental Build of configuration Debug for project as2.4_ex2 ****
Info: Internal Builder is used for build
gcc -O0 -g3 -Wall -c -fmessage-length=0 -o "src\\as2.4_ex2.o" "..\\src\\as2.4_ex2.c" 
..\src\as2.4_ex2.c: In function 'main':
..\src\as2.4_ex2.c:26:11: warning: format '%f' expects argument of type 'float *', but argument 2 has type 'double' [-Wformat=]
   scanf("%f",array[i]);
           ^
gcc -o as2.4_ex2.exe "src\\as2.4_ex2.o" 
Info: Nothing to build for as2.4_ex2
17:30:48 **** Incremental Build of configuration Debug for project as2.4_ex2 ****
Info: Internal Builder is used for build
gcc -O0 -g3 -Wall -c -fmessage-length=0 -o "src\\as2.4_ex2.o" "..\\src\\as2.4_ex2.c" 
..\src\as2.4_ex2.c: In function 'main':
..\src\as2.4_ex2.c:28:11: warning: format '%f' expects argument of type 'float *', but argument 2 has type 'double' [-Wformat=]
   scanf("%f",array[i]);
           ^
gcc -o as2.4_ex2.exe "src\\as2.4_ex2.o" 
Info: Nothing to build for as2.4_ex2
17:33:20 **** Incremental Build of configuration Debug for project as2.4_ex2 ****
Info: Internal Builder is used for build
gcc -O0 -g3 -Wall -c -fmessage-length=0 -o "src\\as2.4_ex2.o" "..\\src\\as2.4_ex2.c" 
..\src\as2.4_ex2.c: In function 'main':
..\src\as2.4_ex2.c:28:11: warning: format '%f' expects argument of type 'float *', but argument 2 has type 'double' [-Wformat=]
   scanf("%f",array[i]);
           ^
gcc -o as2.4_ex2.exe "src\\as2.4_ex2.o" 
Info: Nothing to build for as2.4_ex2
17:34:56 **** Incremental Build of configuration Debug for project as2.4_ex2 ****
Info: Internal Builder is used for build
gcc -O0 -g3 -Wall -c -fmessage-length=0 -o "src\\as2.4_ex2.o" "..\\src\\as2.4_ex2.c" 
..\src\as2.4_ex2.c: In function 'main':
..\src\as2.4_ex2.c:28:11: warning: format '%f' expects argument of type 'float *', but argument 2 has type 'double' [-Wformat=]
   scanf("%f",array[i]);
           ^
gcc -o as2.4_ex2.exe "src\\as2.4_ex2.o" 
Info: Nothing to build for as2.4_ex2
17:36:22 **** Incremental Build of configuration Debug for project as2.4_ex2 ****
Info: Internal Builder is used for build
gcc -O0 -g3 -Wall -c -fmessage-length=0 -o "src\\as2.4_ex2.o" "..\\src\\as2.4_ex2.c" 
..\src\as2.4_ex2.c: In function 'main':
..\src\as2.4_ex2.c:28:11: warning: format '%f' expects argument of type 'float *', but argument 2 has type 'double' [-Wformat=]
   scanf("%f",array[i]);
           ^
gcc -o as2.4_ex2.exe "src\\as2.4_ex2.o" 
Info: Nothing to build for as2.4_ex2
17:37:18 **** Incremental Build of configuration Debug for project as2.4_ex2 ****
Info: Internal Builder is used for build
gcc -O0 -g3 -Wall -c -fmessage-length=0 -o "src\\as2.4_ex2.o" "..\\src\\as2.4_ex2.c" 
gcc -o as2.4_ex2.exe "src\\as2.4_ex2.o" 
Info: Nothing to build for as2.4_ex2
17:39:02 **** Incremental Build of configuration Debug for project as2.4_ex2 ****
Info: Internal Builder is used for build
gcc -O0 -g3 -Wall -c -fmessage-length=0 -o "src\\as2.4_ex2.o" "..\\src\\as2.4_ex2.c" 
gcc -o as2.4_ex2.exe "src\\as2.4_ex2.o" 
17:53:46 **** Rebuild of configuration Debug for project ax2.4_ex3 ****
Info: Internal Builder is used for build
gcc -O0 -g3 -Wall -c -fmessage-length=0 -o "src\\ax2.4_ex3.o" "..\\src\\ax2.4_ex3.c" 
..\src\ax2.4_ex3.c: In function 'main':
..\src\ax2.4_ex3.c:17:2: warning: implicit declaration of function 'print' [-Wimplicit-function-declaration]
  print("Enter Matrix size: ");
  ^~~~~
..\src\ax2.4_ex3.c:19:10: warning: format '%d' expects argument of type 'int *', but argument 2 has type 'int' [-Wformat=]
  scanf("%d%d",r,c);
          ^
..\src\ax2.4_ex3.c:19:12: warning: format '%d' expects argument of type 'int *', but argument 3 has type 'int' [-Wformat=]
  scanf("%d%d",r,c);
            ^
..\src\ax2.4_ex3.c:19:2: warning: 'r' is used uninitialized in this function [-Wuninitialized]
  scanf("%d%d",r,c);
  ^~~~~~~~~~~~~~~~~
..\src\ax2.4_ex3.c:19:2: warning: 'c' is used uninitialized in this function [-Wuninitialized]
gcc -o ax2.4_ex3.exe "src\\ax2.4_ex3.o" 
src\ax2.4_ex3.o: In function `main':
C:\Users\abdel\Desktop\ESD\Assignments\Assignments of Unit 2\as2.4\as2.4 codes\ax2.4_ex3\Debug/../src/ax2.4_ex3.c:17: undefined reference to `print'
collect2.exe: error: ld returned 1 exit status
17:54:14 **** Incremental Build of configuration Debug for project ax2.4_ex3 ****
Info: Internal Builder is used for build
gcc -O0 -g3 -Wall -c -fmessage-length=0 -o "src\\ax2.4_ex3.o" "..\\src\\ax2.4_ex3.c" 
..\src\ax2.4_ex3.c: In function 'main':
..\src\ax2.4_ex3.c:19:10: warning: format '%d' expects argument of type 'int *', but argument 2 has type 'int' [-Wformat=]
  scanf("%d%d",r,c);
          ^
..\src\ax2.4_ex3.c:19:12: warning: format '%d' expects argument of type 'int *', but argument 3 has type 'int' [-Wformat=]
  scanf("%d%d",r,c);
            ^
..\src\ax2.4_ex3.c:19:2: warning: 'r' is used uninitialized in this function [-Wuninitialized]
  scanf("%d%d",r,c);
  ^~~~~~~~~~~~~~~~~
..\src\ax2.4_ex3.c:19:2: warning: 'c' is used uninitialized in this function [-Wuninitialized]
gcc -o ax2.4_ex3.exe "src\\ax2.4_ex3.o" 
Info: Nothing to build for ax2.4_ex3
17:55:07 **** Incremental Build of configuration Debug for project ax2.4_ex3 ****
Info: Internal Builder is used for build
gcc -O0 -g3 -Wall -c -fmessage-length=0 -o "src\\ax2.4_ex3.o" "..\\src\\ax2.4_ex3.c" 
gcc -o ax2.4_ex3.exe "src\\ax2.4_ex3.o" 
Info: Nothing to build for ax2.4_ex3
17:56:33 **** Incremental Build of configuration Debug for project ax2.4_ex3 ****
Info: Internal Builder is used for build
gcc -O0 -g3 -Wall -c -fmessage-length=0 -o "src\\ax2.4_ex3.o" "..\\src\\ax2.4_ex3.c" 
gcc -o ax2.4_ex3.exe "src\\ax2.4_ex3.o" 
Info: Nothing to build for ax2.4_ex3
18:53:55 **** Rebuild of configuration Debug for project as2.4_ex4 ****
Info: Internal Builder is used for build
gcc -O0 -g3 -Wall -c -fmessage-length=0 -o "src\\as2.4_ex4.o" "..\\src\\as2.4_ex4.c" 
gcc -o as2.4_ex4.exe "src\\as2.4_ex4.o" 
Info: Nothing to build for as2.4_ex4
18:55:36 **** Incremental Build of configuration Debug for project as2.4_ex4 ****
Info: Internal Builder is used for build
gcc -O0 -g3 -Wall -c -fmessage-length=0 -o "src\\as2.4_ex4.o" "..\\src\\as2.4_ex4.c" 
gcc -o as2.4_ex4.exe "src\\as2.4_ex4.o" 
Info: Nothing to build for as2.4_ex4
Info: Nothing to build for as2.4_ex4
18:56:37 **** Incremental Build of configuration Debug for project as2.4_ex4 ****
Info: Internal Builder is used for build
gcc -O0 -g3 -Wall -c -fmessage-length=0 -o "src\\as2.4_ex4.o" "..\\src\\as2.4_ex4.c" 
..\src\as2.4_ex4.c: In function 'main':
..\src\as2.4_ex4.c:41:16: error: expected expression before '<' token
  for (i=size;i=<where;i--)
                ^
18:57:13 **** Incremental Build of configuration Debug for project as2.4_ex4 ****
Info: Internal Builder is used for build
gcc -O0 -g3 -Wall -c -fmessage-length=0 -o "src\\as2.4_ex4.o" "..\\src\\as2.4_ex4.c" 
gcc -o as2.4_ex4.exe "src\\as2.4_ex4.o" 
Info: Nothing to build for as2.4_ex4
Info: Nothing to build for as2.4_ex4
18:59:09 **** Incremental Build of configuration Debug for project as2.4_ex4 ****
Info: Internal Builder is used for build
gcc -O0 -g3 -Wall -c -fmessage-length=0 -o "src\\as2.4_ex4.o" "..\\src\\as2.4_ex4.c" 
gcc -o as2.4_ex4.exe "src\\as2.4_ex4.o" 
Info: Nothing to build for as2.4_ex4
19:01:01 **** Incremental Build of configuration Debug for project as2.4_ex4 ****
Info: Internal Builder is used for build
gcc -O0 -g3 -Wall -c -fmessage-length=0 -o "src\\as2.4_ex4.o" "..\\src\\as2.4_ex4.c" 
gcc -o as2.4_ex4.exe "src\\as2.4_ex4.o" 
Info: Nothing to build for as2.4_ex4
19:13:45 **** Rebuild of configuration Debug for project as2.4_ex5 ****
Info: Internal Builder is used for build
gcc -O0 -g3 -Wall -c -fmessage-length=0 -o "src\\as2.4_ex5.o" "..\\src\\as2.4_ex5.c" 
gcc -o as2.4_ex5.exe "src\\as2.4_ex5.o" 
Info: Nothing to build for as2.4_ex5
19:14:37 **** Incremental Build of configuration Debug for project as2.4_ex5 ****
Info: Internal Builder is used for build
gcc -O0 -g3 -Wall -c -fmessage-length=0 -o "src\\as2.4_ex5.o" "..\\src\\as2.4_ex5.c" 
gcc -o as2.4_ex5.exe "src\\as2.4_ex5.o" 
Info: Nothing to build for as2.4_ex5
19:15:23 **** Incremental Build of configuration Debug for project as2.4_ex5 ****
Info: Internal Builder is used for build
gcc -O0 -g3 -Wall -c -fmessage-length=0 -o "src\\as2.4_ex5.o" "..\\src\\as2.4_ex5.c" 
gcc -o as2.4_ex5.exe "src\\as2.4_ex5.o" 
Info: Nothing to build for as2.4_ex5
Info: Nothing to build for as2.4_ex5
19:17:20 **** Incremental Build of configuration Debug for project as2.4_ex5 ****
Info: Internal Builder is used for build
gcc -O0 -g3 -Wall -c -fmessage-length=0 -o "src\\as2.4_ex5.o" "..\\src\\as2.4_ex5.c" 
gcc -o as2.4_ex5.exe "src\\as2.4_ex5.o" 
21:27:08 **** Rebuild of configuration Debug for project as2.4_ex6 ****
Info: Internal Builder is used for build
gcc -O0 -g3 -Wall -c -fmessage-length=0 -o "src\\as2.4_ex6.o" "..\\src\\as2.4_ex6.c" 
..\src\as2.4_ex6.c: In function 'main':
..\src\as2.4_ex6.c:21:2: error: too many arguments to function 'getchar'
  getchar(chara);
  ^~~~~~~
In file included from ..\src\as2.4_ex6.c:11:0:
c:\mingw\include\stdio.h:709:43: note: declared here
 __CRT_INLINE __cdecl __MINGW_NOTHROW  int getchar (void)
                                           ^~~~~~~
21:27:26 **** Incremental Build of configuration Debug for project as2.4_ex6 ****
Info: Internal Builder is used for build
gcc -O0 -g3 -Wall -c -fmessage-length=0 -o "src\\as2.4_ex6.o" "..\\src\\as2.4_ex6.c" 
..\src\as2.4_ex6.c: In function 'main':
..\src\as2.4_ex6.c:21:7: warning: passing argument 1 of 'gets' makes pointer from integer without a cast [-Wint-conversion]
  gets(chara);
       ^~~~~
In file included from ..\src\as2.4_ex6.c:11:0:
c:\mingw\include\stdio.h:676:41: note: expected 'char *' but argument is of type 'char'
 _CRTIMP __cdecl __MINGW_NOTHROW  char * gets (char *);
                                         ^~~~
..\src\as2.4_ex6.c:21:2: warning: 'chara' is used uninitialized in this function [-Wuninitialized]
  gets(chara);
  ^~~~~~~~~~~
gcc -o as2.4_ex6.exe "src\\as2.4_ex6.o" 
21:27:47 **** Incremental Build of configuration Debug for project as2.4_ex6 ****
Info: Internal Builder is used for build
gcc -O0 -g3 -Wall -c -fmessage-length=0 -o "src\\as2.4_ex6.o" "..\\src\\as2.4_ex6.c" 
..\src\as2.4_ex6.c: In function 'main':
..\src\as2.4_ex6.c:19:7: warning: passing argument 1 of 'gets' from incompatible pointer type [-Wincompatible-pointer-types]
  gets(&text);
       ^
In file included from ..\src\as2.4_ex6.c:11:0:
c:\mingw\include\stdio.h:676:41: note: expected 'char *' but argument is of type 'char (*)[100]'
 _CRTIMP __cdecl __MINGW_NOTHROW  char * gets (char *);
                                         ^~~~
gcc -o as2.4_ex6.exe "src\\as2.4_ex6.o" 
21:28:01 **** Incremental Build of configuration Debug for project as2.4_ex6 ****
Info: Internal Builder is used for build
gcc -O0 -g3 -Wall -c -fmessage-length=0 -o "src\\as2.4_ex6.o" "..\\src\\as2.4_ex6.c" 
gcc -o as2.4_ex6.exe "src\\as2.4_ex6.o" 
Info: Nothing to build for as2.4_ex6
21:29:21 **** Incremental Build of configuration Debug for project as2.4_ex6 ****
Info: Internal Builder is used for build
gcc -O0 -g3 -Wall -c -fmessage-length=0 -o "src\\as2.4_ex6.o" "..\\src\\as2.4_ex6.c" 
gcc -o as2.4_ex6.exe "src\\as2.4_ex6.o" 
Info: Nothing to build for as2.4_ex6
Info: Nothing to build for as2.4_ex6
21:31:18 **** Incremental Build of configuration Debug for project as2.4_ex6 ****
Info: Internal Builder is used for build
gcc -O0 -g3 -Wall -c -fmessage-length=0 -o "src\\as2.4_ex6.o" "..\\src\\as2.4_ex6.c" 
gcc -o as2.4_ex6.exe "src\\as2.4_ex6.o" 
Info: Nothing to build for as2.4_ex6
21:35:34 **** Incremental Build of configuration Debug for project as2.4_ex6 ****
Info: Internal Builder is used for build
gcc -O0 -g3 -Wall -c -fmessage-length=0 -o "src\\as2.4_ex6.o" "..\\src\\as2.4_ex6.c" 
gcc -o as2.4_ex6.exe "src\\as2.4_ex6.o" 
Info: Nothing to build for as2.4_ex6
21:36:42 **** Incremental Build of configuration Debug for project as2.4_ex6 ****
Info: Internal Builder is used for build
gcc -O0 -g3 -Wall -c -fmessage-length=0 -o "src\\as2.4_ex6.o" "..\\src\\as2.4_ex6.c" 
..\src\as2.4_ex6.c: In function 'main':
..\src\as2.4_ex6.c:24:10: warning: format '%c' expects argument of type 'char *', but argument 2 has type 'int' [-Wformat=]
  scanf("%c",chara);
          ^
..\src\as2.4_ex6.c:24:2: warning: 'chara' is used uninitialized in this function [-Wuninitialized]
  scanf("%c",chara);
  ^~~~~~~~~~~~~~~~~
gcc -o as2.4_ex6.exe "src\\as2.4_ex6.o" 
21:37:13 **** Incremental Build of configuration Debug for project as2.4_ex6 ****
Info: Internal Builder is used for build
gcc -O0 -g3 -Wall -c -fmessage-length=0 -o "src\\as2.4_ex6.o" "..\\src\\as2.4_ex6.c" 
gcc -o as2.4_ex6.exe "src\\as2.4_ex6.o" 
Info: Nothing to build for as2.4_ex6
21:39:49 **** Incremental Build of configuration Debug for project as2.4_ex6 ****
Info: Internal Builder is used for build
gcc -O0 -g3 -Wall -c -fmessage-length=0 -o "src\\as2.4_ex6.o" "..\\src\\as2.4_ex6.c" 
gcc -o as2.4_ex6.exe "src\\as2.4_ex6.o" 
21:42:54 **** Rebuild of configuration Debug for project as2.4_ex7 ****
Info: Internal Builder is used for build
gcc -O0 -g3 -Wall -c -fmessage-length=0 -o "src\\as2.4_ex7.o" "..\\src\\as2.4_ex7.c" 
gcc -o as2.4_ex7.exe "src\\as2.4_ex7.o" 
21:42:54 **** Rebuild of configuration Debug for project lab2.4_lab8 ****
Info: Internal Builder is used for build
gcc -O0 -g3 -Wall -c -fmessage-length=0 -o "src\\lab2.4_lab8.o" "..\\src\\lab2.4_lab8.c" 
gcc -o lab2.4_lab8.exe "src\\lab2.4_lab8.o" 
Info: Nothing to build for as2.4_ex7
21:55:00 **** Rebuild of configuration Debug for project as2.4_ex8 ****
Info: Internal Builder is used for build
gcc -O0 -g3 -Wall -c -fmessage-length=0 -o "src\\as2.4_ex8.o" "..\\src\\as2.4_ex8.c" 
..\src\as2.4_ex8.c:17:8: error: expected declaration specifiers or '...' before string constant
 printf("Enter string you want to reverse: ");
        ^~~~~~~~~~~~~~~~~~~~~~~~~~~~~~~~~~~~
22:07:24 **** Incremental Build of configuration Debug for project as2.4_ex8 ****
Info: Internal Builder is used for build
gcc -O0 -g3 -Wall -c -fmessage-length=0 -o "src\\as2.4_ex8.o" "..\\src\\as2.4_ex8.c" 
..\src\as2.4_ex8.c: In function 'main':
..\src\as2.4_ex8.c:16:8: warning: unused variable 'strl' [-Wunused-variable]
  int i,strl;
        ^~~~
..\src\as2.4_ex8.c:16:6: warning: unused variable 'i' [-Wunused-variable]
  int i,strl;
      ^
..\src\as2.4_ex8.c:15:7: warning: unused variable 'revtext' [-Wunused-variable]
  char revtext[100];
       ^~~~~~~
gcc -o as2.4_ex8.exe "src\\as2.4_ex8.o" 
Info: Nothing to build for as2.4_ex8
22:08:05 **** Incremental Build of configuration Debug for project as2.4_ex8 ****
Info: Internal Builder is used for build
gcc -O0 -g3 -Wall -c -fmessage-length=0 -o "src\\as2.4_ex8.o" "..\\src\\as2.4_ex8.c" 
..\src\as2.4_ex8.c: In function 'main':
..\src\as2.4_ex8.c:16:8: warning: unused variable 'strl' [-Wunused-variable]
  int i,strl;
        ^~~~
..\src\as2.4_ex8.c:16:6: warning: unused variable 'i' [-Wunused-variable]
  int i,strl;
      ^
..\src\as2.4_ex8.c:15:7: warning: unused variable 'revtext' [-Wunused-variable]
  char revtext[100];
       ^~~~~~~
gcc -o as2.4_ex8.exe "src\\as2.4_ex8.o" 
Info: Nothing to build for as2.4_ex8
22:11:17 **** Incremental Build of configuration Debug for project as2.4_ex8 ****
Info: Internal Builder is used for build
gcc -O0 -g3 -Wall -c -fmessage-length=0 -o "src\\as2.4_ex8.o" "..\\src\\as2.4_ex8.c" 
gcc -o as2.4_ex8.exe "src\\as2.4_ex8.o" 
Info: Nothing to build for as2.4_ex8
22:12:03 **** Incremental Build of configuration Debug for project as2.4_ex8 ****
Info: Internal Builder is used for build
gcc -O0 -g3 -Wall -c -fmessage-length=0 -o "src\\as2.4_ex8.o" "..\\src\\as2.4_ex8.c" 
gcc -o as2.4_ex8.exe "src\\as2.4_ex8.o" 
22:15:28 **** Incremental Build of configuration Debug for project as2.4_ex8 ****
Info: Internal Builder is used for build
gcc -O0 -g3 -Wall -c -fmessage-length=0 -o "src\\as2.4_ex8.o" "..\\src\\as2.4_ex8.c" 
gcc -o as2.4_ex8.exe "src\\as2.4_ex8.o" 
Info: Nothing to build for as2.4_ex8
22:19:43 **** Incremental Build of configuration Debug for project as2.4_ex8 ****
Info: Internal Builder is used for build
gcc -O0 -g3 -Wall -c -fmessage-length=0 -o "src\\as2.4_ex8.o" "..\\src\\as2.4_ex8.c" 
..\src\as2.4_ex8.c: In function 'main':
..\src\as2.4_ex8.c:29:31: warning: format '%s' expects argument of type 'char *', but argument 2 has type 'char (*)[100]' [-Wformat=]
  printf("Reversed String is: %s", &revtext);
                               ^
gcc -o as2.4_ex8.exe "src\\as2.4_ex8.o" 
22:20:04 **** Incremental Build of configuration Debug for project as2.4_ex8 ****
Info: Internal Builder is used for build
gcc -O0 -g3 -Wall -c -fmessage-length=0 -o "src\\as2.4_ex8.o" "..\\src\\as2.4_ex8.c" 
gcc -o as2.4_ex8.exe "src\\as2.4_ex8.o" 
Info: Nothing to build for as2.4_ex8
22:20:26 **** Incremental Build of configuration Debug for project as2.4_ex8 ****
Info: Internal Builder is used for build
gcc -O0 -g3 -Wall -c -fmessage-length=0 -o "src\\as2.4_ex8.o" "..\\src\\as2.4_ex8.c" 
gcc -o as2.4_ex8.exe "src\\as2.4_ex8.o" 
Info: Nothing to build for as2.4_ex8
22:20:48 **** Incremental Build of configuration Debug for project as2.4_ex8 ****
Info: Internal Builder is used for build
gcc -O0 -g3 -Wall -c -fmessage-length=0 -o "src\\as2.4_ex8.o" "..\\src\\as2.4_ex8.c" 
gcc -o as2.4_ex8.exe "src\\as2.4_ex8.o" 
Info: Nothing to build for as2.4_ex8
22:21:14 **** Incremental Build of configuration Debug for project as2.4_ex8 ****
Info: Internal Builder is used for build
gcc -O0 -g3 -Wall -c -fmessage-length=0 -o "src\\as2.4_ex8.o" "..\\src\\as2.4_ex8.c" 
gcc -o as2.4_ex8.exe "src\\as2.4_ex8.o" 
Info: Nothing to build for as2.4_ex8
22:21:54 **** Incremental Build of configuration Debug for project as2.4_ex8 ****
Info: Internal Builder is used for build
gcc -O0 -g3 -Wall -c -fmessage-length=0 -o "src\\as2.4_ex8.o" "..\\src\\as2.4_ex8.c" 
gcc -o as2.4_ex8.exe "src\\as2.4_ex8.o" 
Info: Nothing to build for as2.4_ex8
22:22:37 **** Incremental Build of configuration Debug for project as2.4_ex8 ****
Info: Internal Builder is used for build
gcc -O0 -g3 -Wall -c -fmessage-length=0 -o "src\\as2.4_ex8.o" "..\\src\\as2.4_ex8.c" 
gcc -o as2.4_ex8.exe "src\\as2.4_ex8.o" 
Info: Nothing to build for as2.4_ex8
22:23:41 **** Incremental Build of configuration Debug for project as2.4_ex8 ****
Info: Internal Builder is used for build
gcc -O0 -g3 -Wall -c -fmessage-length=0 -o "src\\as2.4_ex8.o" "..\\src\\as2.4_ex8.c" 
gcc -o as2.4_ex8.exe "src\\as2.4_ex8.o" 
Info: Nothing to build for as2.4_ex8
22:31:44 **** Incremental Build of configuration Debug for project as2.4_ex8 ****
Info: Internal Builder is used for build
gcc -O0 -g3 -Wall -c -fmessage-length=0 -o "src\\as2.4_ex8.o" "..\\src\\as2.4_ex8.c" 
gcc -o as2.4_ex8.exe "src\\as2.4_ex8.o" 
Info: Nothing to build for as2.4_ex8
22:46:11 **** Incremental Build of configuration Debug for project as2.4_ex8 ****
Info: Internal Builder is used for build
gcc -O0 -g3 -Wall -c -fmessage-length=0 -o "src\\as2.4_ex8.o" "..\\src\\as2.4_ex8.c" 
gcc -o as2.4_ex8.exe "src\\as2.4_ex8.o" 
Info: Nothing to build for as2.4_ex8
22:47:53 **** Incremental Build of configuration Debug for project as2.4_ex8 ****
Info: Internal Builder is used for build
gcc -O0 -g3 -Wall -c -fmessage-length=0 -o "src\\as2.4_ex8.o" "..\\src\\as2.4_ex8.c" 
gcc -o as2.4_ex8.exe "src\\as2.4_ex8.o" 
Info: Nothing to build for as2.4_ex8
22:48:22 **** Incremental Build of configuration Debug for project as2.4_ex8 ****
Info: Internal Builder is used for build
gcc -O0 -g3 -Wall -c -fmessage-length=0 -o "src\\as2.4_ex8.o" "..\\src\\as2.4_ex8.c" 
gcc -o as2.4_ex8.exe "src\\as2.4_ex8.o" 
Info: Nothing to build for as2.4_ex8
22:49:02 **** Incremental Build of configuration Debug for project as2.4_ex8 ****
Info: Internal Builder is used for build
gcc -O0 -g3 -Wall -c -fmessage-length=0 -o "src\\as2.4_ex8.o" "..\\src\\as2.4_ex8.c" 
gcc -o as2.4_ex8.exe "src\\as2.4_ex8.o" 
